app/build/outputs/logs/manifest-merger-debug-report.txt
-- Merging decision tree log ---
provider#com.fy.img.picker.ImagePickerProvider
INJECTED from src\main\AndroidManifest.xml:346:9-354:20
MERGED from [:imgPicker] AndroidManifest.xml:38:9-46:20
MERGED from [:imgPicker] AndroidManifest.xml:38:9-46:20
	android:grantUriPermissions
		ADDED from src\main\AndroidManifest.xml:350:17-51
	android:authorities
		INJECTED from src\main\AndroidManifest.xml
		ADDED from src\main\AndroidManifest.xml:348:17-64
	android:exported
		ADDED from src\main\AndroidManifest.xml:349:17-41
	android:name
		ADDED from src\main\AndroidManifest.xml:347:17-69
manifest
ADDED from src\main\AndroidManifest.xml:2:1-367:12
INJECTED from src\main\AndroidManifest.xml:2:1-367:12
INJECTED from src\main\AndroidManifest.xml:2:1-367:12
INJECTED from src\main\AndroidManifest.xml:2:1-367:12
MERGED from [:imgPicker] AndroidManifest.xml:2:1-49:12
MERGED from [:pickerdate] AndroidManifest.xml:2:1-11:12
MERGED from [:baselibrary] AndroidManifest.xml:2:1-11:12
MERGED from [com.android.support:multidex:1.0.3] AndroidManifest.xml:17:1-22:12
MERGED from [com.android.support.constraint:constraint-layout:1.0.2] AndroidManifest.xml:2:1-11:12
MERGED from [:agora-release] AndroidManifest.xml:2:1-27:12
MERGED from [:core-release] AndroidManifest.xml:2:1-15:12
MERGED from [:imchat-release] AndroidManifest.xml:2:1-78:12
MERGED from [:lib_login-release] AndroidManifest.xml:2:1-34:12
MERGED from [:ui-release] AndroidManifest.xml:2:1-20:12
MERGED from [:calendarview] AndroidManifest.xml:2:1-17:12
MERGED from [:chartlibrary] AndroidManifest.xml:2:1-17:12
MERGED from [com.android.support:design:27.0.1] AndroidManifest.xml:17:1-22:12
MERGED from [me.zhanghai.android.materialratingbar:library:1.2.0] AndroidManifest.xml:6:1-16:12
MERGED from [com.lzy.widget:ninegridview:0.2.0] AndroidManifest.xml:2:1-21:12
MERGED from [com.bigkoo:convenientbanner:2.0.5] AndroidManifest.xml:2:1-9:12
MERGED from [com.jph.takephoto:takephoto_library:4.0.3] AndroidManifest.xml:2:1-28:12
MERGED from [com.darsh.multipleimageselect:multipleimageselect:1.0.4] AndroidManifest.xml:2:1-36:12
MERGED from [com.android.support:appcompat-v7:27.0.1] AndroidManifest.xml:17:1-22:12
MERGED from [com.android.support:recyclerview-v7:27.0.1] AndroidManifest.xml:17:1-22:12
MERGED from [com.android.support:cardview-v7:27.0.1] AndroidManifest.xml:17:1-22:12
MERGED from [com.android.support:exifinterface:27.0.1] AndroidManifest.xml:17:1-22:12
MERGED from [com.jakewharton:butterknife:8.5.1] AndroidManifest.xml:2:1-7:12
MERGED from [io.reactivex.rxjava2:rxandroid:2.0.1] AndroidManifest.xml:15:1-21:12
MERGED from [com.tencent.bugly:crashreport:2.6.6.1] AndroidManifest.xml:2:1-9:12
MERGED from [com.tencent.bugly:nativecrashreport:3.3.1] AndroidManifest.xml:2:1-9:12
MERGED from [de.hdodenhof:circleimageview:2.1.0] AndroidManifest.xml:2:1-11:12
MERGED from [com.github.CymChad:BaseRecyclerViewAdapterHelper:2.9.30] AndroidManifest.xml:2:1-11:12
MERGED from [com.scwang.smartrefresh:SmartRefreshLayout:1.0.3] AndroidManifest.xml:2:1-17:12
MERGED from [com.github.chrisbanes:PhotoView:2.0.0] AndroidManifest.xml:2:1-12:12
MERGED from [com.githang:status-bar-compat:0.7] AndroidManifest.xml:2:1-14:12
MERGED from [com.just.agentweb:agentweb:3.1.0] AndroidManifest.xml:2:1-37:12
MERGED from [com.ToxicBakery.viewpager.transforms:view-pager-transforms:1.2.32] AndroidManifest.xml:17:1-27:12
MERGED from [com.soundcloud.android.crop:lib_crop:1.0.0] AndroidManifest.xml:2:1-12:12
MERGED from [me.shaohui.advancedluban:library:1.3.2] AndroidManifest.xml:2:1-11:12
MERGED from [com.github.chrisbanes.photoview:library:1.2.4] AndroidManifest.xml:2:1-11:12
MERGED from [com.android.support:support-v4:27.0.1] AndroidManifest.xml:17:1-22:12
MERGED from [com.android.support:support-fragment:27.0.1] AndroidManifest.xml:17:1-22:12
MERGED from [com.android.support:animated-vector-drawable:27.0.1] AndroidManifest.xml:17:1-22:12
MERGED from [com.android.support:support-core-ui:27.0.1] AndroidManifest.xml:17:1-22:12
MERGED from [com.android.support:transition:27.0.1] AndroidManifest.xml:17:1-22:12
MERGED from [com.android.support:support-core-utils:27.0.1] AndroidManifest.xml:17:1-22:12
MERGED from [com.android.support:support-media-compat:27.0.1] AndroidManifest.xml:17:1-22:12
MERGED from [com.android.support:support-vector-drawable:27.0.1] AndroidManifest.xml:17:1-22:12
MERGED from [com.android.support:support-compat:27.0.1] AndroidManifest.xml:17:1-22:12
MERGED from [io.reactivex:rxandroid:1.2.1] AndroidManifest.xml:15:1-21:12
MERGED from [android.arch.lifecycle:runtime:1.0.0] AndroidManifest.xml:17:1-30:12
INJECTED from src\main\AndroidManifest.xml:2:1-367:12
INJECTED from src\main\AndroidManifest.xml:2:1-367:12
INJECTED from src\main\AndroidManifest.xml:2:1-367:12
	package
		ADDED from src\main\AndroidManifest.xml:3:11-35
		INJECTED from src\main\AndroidManifest.xml
		INJECTED from src\main\AndroidManifest.xml
	android:versionName
		INJECTED from src\main\AndroidManifest.xml
		ADDED from src\main\AndroidManifest.xml:2:1-367:12
		INJECTED from src\main\AndroidManifest.xml
	android:versionCode
		INJECTED from src\main\AndroidManifest.xml
		ADDED from src\main\AndroidManifest.xml:2:1-367:12
		INJECTED from src\main\AndroidManifest.xml
	xmlns:android
		ADDED from src\main\AndroidManifest.xml:2:11-69
uses-permission#android.permission.MOUNT_UNMOUNT_FILESYSTEMS
ADDED from src\main\AndroidManifest.xml:6:5-83
	android:name
		ADDED from src\main\AndroidManifest.xml:6:22-81
uses-permission#android.permission.WRITE_EXTERNAL_STORAGE
ADDED from src\main\AndroidManifest.xml:8:5-80
MERGED from [:agora-release] AndroidManifest.xml:14:5-81
MERGED from [:agora-release] AndroidManifest.xml:14:5-81
MERGED from [:imchat-release] AndroidManifest.xml:22:5-81
MERGED from [:imchat-release] AndroidManifest.xml:22:5-81
MERGED from [:ui-release] AndroidManifest.xml:12:5-81
MERGED from [:ui-release] AndroidManifest.xml:12:5-81
MERGED from [com.lzy.widget:ninegridview:0.2.0] AndroidManifest.xml:12:5-81
MERGED from [com.lzy.widget:ninegridview:0.2.0] AndroidManifest.xml:12:5-81
MERGED from [com.jph.takephoto:takephoto_library:4.0.3] AndroidManifest.xml:11:5-81
MERGED from [com.jph.takephoto:takephoto_library:4.0.3] AndroidManifest.xml:11:5-81
	android:name
		ADDED from src\main\AndroidManifest.xml:8:22-78
uses-permission#android.permission.READ_EXTERNAL_STORAGE
ADDED from src\main\AndroidManifest.xml:10:5-79
MERGED from [:ui-release] AndroidManifest.xml:11:5-80
MERGED from [:ui-release] AndroidManifest.xml:11:5-80
MERGED from [com.lzy.widget:ninegridview:0.2.0] AndroidManifest.xml:13:5-80
MERGED from [com.lzy.widget:ninegridview:0.2.0] AndroidManifest.xml:13:5-80
MERGED from [com.darsh.multipleimageselect:multipleimageselect:1.0.4] AndroidManifest.xml:11:5-80
MERGED from [com.darsh.multipleimageselect:multipleimageselect:1.0.4] AndroidManifest.xml:11:5-80
	android:name
		ADDED from src\main\AndroidManifest.xml:10:22-77
uses-permission#android.permission.CAMERA
ADDED from src\main\AndroidManifest.xml:12:5-64
MERGED from [:agora-release] AndroidManifest.xml:11:5-65
MERGED from [:agora-release] AndroidManifest.xml:11:5-65
MERGED from [:imchat-release] AndroidManifest.xml:11:5-65
MERGED from [:imchat-release] AndroidManifest.xml:11:5-65
MERGED from [com.jph.takephoto:takephoto_library:4.0.3] AndroidManifest.xml:12:5-65
MERGED from [com.jph.takephoto:takephoto_library:4.0.3] AndroidManifest.xml:12:5-65
	android:name
		ADDED from src\main\AndroidManifest.xml:12:22-62
uses-permission#android.permission.REQUEST_INSTALL_PACKAGES
ADDED from src\main\AndroidManifest.xml:14:5-82
	android:name
		ADDED from src\main\AndroidManifest.xml:14:22-80
uses-feature#android.hardware.camera
ADDED from src\main\AndroidManifest.xml:16:5-59
	android:name
		ADDED from src\main\AndroidManifest.xml:16:19-57
uses-feature#android.hardware.camera.autofocus
ADDED from src\main\AndroidManifest.xml:17:5-69
	android:name
		ADDED from src\main\AndroidManifest.xml:17:19-67
uses-permission#android.permission.INTERNET
ADDED from src\main\AndroidManifest.xml:19:5-66
MERGED from [:agora-release] AndroidManifest.xml:9:5-67
MERGED from [:agora-release] AndroidManifest.xml:9:5-67
MERGED from [:imchat-release] AndroidManifest.xml:14:5-67
MERGED from [:imchat-release] AndroidManifest.xml:14:5-67
MERGED from [:lib_login-release] AndroidManifest.xml:11:5-67
MERGED from [:lib_login-release] AndroidManifest.xml:11:5-67
MERGED from [com.lzy.widget:ninegridview:0.2.0] AndroidManifest.xml:11:5-67
MERGED from [com.lzy.widget:ninegridview:0.2.0] AndroidManifest.xml:11:5-67
	android:name
		ADDED from src\main\AndroidManifest.xml:19:22-64
uses-permission#android.permission.ACCESS_NETWORK_STATE
ADDED from src\main\AndroidManifest.xml:20:5-78
MERGED from [:agora-release] AndroidManifest.xml:13:5-79
MERGED from [:agora-release] AndroidManifest.xml:13:5-79
MERGED from [:imchat-release] AndroidManifest.xml:9:5-79
MERGED from [:imchat-release] AndroidManifest.xml:9:5-79
	android:name
		ADDED from src\main\AndroidManifest.xml:20:22-76
uses-permission#android.permission.ACCESS_WIFI_STATE
ADDED from src\main\AndroidManifest.xml:21:5-75
MERGED from [:agora-release] AndroidManifest.xml:16:5-76
MERGED from [:agora-release] AndroidManifest.xml:16:5-76
MERGED from [:imchat-release] AndroidManifest.xml:10:5-76
MERGED from [:imchat-release] AndroidManifest.xml:10:5-76
	android:name
		ADDED from src\main\AndroidManifest.xml:21:22-73
uses-permission#android.permission.READ_LOGS
ADDED from src\main\AndroidManifest.xml:22:5-67
MERGED from [:agora-release] AndroidManifest.xml:17:5-68
MERGED from [:agora-release] AndroidManifest.xml:17:5-68
MERGED from [:imchat-release] AndroidManifest.xml:16:5-68
MERGED from [:imchat-release] AndroidManifest.xml:16:5-68
	android:name
		ADDED from src\main\AndroidManifest.xml:22:22-65
application
ADDED from src\main\AndroidManifest.xml:24:5-365:19
MERGED from [:imgPicker] AndroidManifest.xml:11:5-47:19
MERGED from [:imgPicker] AndroidManifest.xml:11:5-47:19
MERGED from [com.android.support.constraint:constraint-layout:1.0.2] AndroidManifest.xml:9:5-20
MERGED from [com.android.support.constraint:constraint-layout:1.0.2] AndroidManifest.xml:9:5-20
MERGED from [:agora-release] AndroidManifest.xml:19:5-25:19
MERGED from [:agora-release] AndroidManifest.xml:19:5-25:19
MERGED from [:core-release] AndroidManifest.xml:9:5-13:19
MERGED from [:core-release] AndroidManifest.xml:9:5-13:19
MERGED from [:imchat-release] AndroidManifest.xml:24:5-76:19
MERGED from [:imchat-release] AndroidManifest.xml:24:5-76:19
MERGED from [:lib_login-release] AndroidManifest.xml:13:5-32:19
MERGED from [:lib_login-release] AndroidManifest.xml:13:5-32:19
MERGED from [:ui-release] AndroidManifest.xml:14:5-18:19
MERGED from [:ui-release] AndroidManifest.xml:14:5-18:19
MERGED from [:calendarview] AndroidManifest.xml:11:5-15:19
MERGED from [:calendarview] AndroidManifest.xml:11:5-15:19
MERGED from [:chartlibrary] AndroidManifest.xml:11:5-15:19
MERGED from [:chartlibrary] AndroidManifest.xml:11:5-15:19
MERGED from [com.lzy.widget:ninegridview:0.2.0] AndroidManifest.xml:15:5-19:19
MERGED from [com.lzy.widget:ninegridview:0.2.0] AndroidManifest.xml:15:5-19:19
MERGED from [com.jph.takephoto:takephoto_library:4.0.3] AndroidManifest.xml:14:5-26:19
MERGED from [com.jph.takephoto:takephoto_library:4.0.3] AndroidManifest.xml:14:5-26:19
MERGED from [com.darsh.multipleimageselect:multipleimageselect:1.0.4] AndroidManifest.xml:13:5-34:19
MERGED from [com.darsh.multipleimageselect:multipleimageselect:1.0.4] AndroidManifest.xml:13:5-34:19
MERGED from [de.hdodenhof:circleimageview:2.1.0] AndroidManifest.xml:9:5-20
MERGED from [de.hdodenhof:circleimageview:2.1.0] AndroidManifest.xml:9:5-20
MERGED from [com.scwang.smartrefresh:SmartRefreshLayout:1.0.3] AndroidManifest.xml:11:5-15:19
MERGED from [com.scwang.smartrefresh:SmartRefreshLayout:1.0.3] AndroidManifest.xml:11:5-15:19
MERGED from [com.githang:status-bar-compat:0.7] AndroidManifest.xml:12:5-20
MERGED from [com.githang:status-bar-compat:0.7] AndroidManifest.xml:12:5-20
MERGED from [com.just.agentweb:agentweb:3.1.0] AndroidManifest.xml:11:5-35:19
MERGED from [com.just.agentweb:agentweb:3.1.0] AndroidManifest.xml:11:5-35:19
MERGED from [android.arch.lifecycle:runtime:1.0.0] AndroidManifest.xml:24:5-28:19
MERGED from [android.arch.lifecycle:runtime:1.0.0] AndroidManifest.xml:24:5-28:19
	android:supportsRtl
		ADDED from src\main\AndroidManifest.xml:30:13-39
	android:label
		ADDED from src\main\AndroidManifest.xml:28:13-45
	android:roundIcon
		ADDED from src\main\AndroidManifest.xml:29:13-48
	android:icon
		ADDED from src\main\AndroidManifest.xml:27:13-43
	android:allowBackup
		ADDED from src\main\AndroidManifest.xml:26:13-39
	android:theme
		ADDED from src\main\AndroidManifest.xml:31:13-46
	android:name
		ADDED from src\main\AndroidManifest.xml:25:13-74
activity#com.fy.baselibrary.startactivity.StartActivity
ADDED from src\main\AndroidManifest.xml:32:9-43:20
	android:screenOrientation
		ADDED from src\main\AndroidManifest.xml:36:17-53
	android:launchMode
		ADDED from src\main\AndroidManifest.xml:35:17-47
	android:configChanges
		ADDED from src\main\AndroidManifest.xml:34:17-63
	android:theme
		ADDED from src\main\AndroidManifest.xml:37:17-53
	android:name
		ADDED from src\main\AndroidManifest.xml:33:17-78
intent-filter#action:name:android.intent.action.MAIN+category:name:android.intent.category.LAUNCHER
ADDED from src\main\AndroidManifest.xml:38:13-42:29
action#android.intent.action.MAIN
ADDED from src\main\AndroidManifest.xml:39:17-68
	android:name
		ADDED from src\main\AndroidManifest.xml:39:25-66
category#android.intent.category.LAUNCHER
ADDED from src\main\AndroidManifest.xml:41:17-76
	android:name
		ADDED from src\main\AndroidManifest.xml:41:27-74
activity#com.hjy.sports.student.login.StartUpActivity
ADDED from src\main\AndroidManifest.xml:45:9-53:20
	android:label
		ADDED from src\main\AndroidManifest.xml:47:17-64
	android:name
		ADDED from src\main\AndroidManifest.xml:46:17-62
intent-filter#action:name:com.hjy.sports.student.login.StartUpActivity+category:name:android.intent.category.DEFAULT
ADDED from src\main\AndroidManifest.xml:48:13-52:29
action#com.hjy.sports.student.login.StartUpActivity
ADDED from src\main\AndroidManifest.xml:49:17-86
	android:name
		ADDED from src\main\AndroidManifest.xml:49:25-84
category#android.intent.category.DEFAULT
ADDED from src\main\AndroidManifest.xml:51:17-75
	android:name
		ADDED from src\main\AndroidManifest.xml:51:27-73
activity#com.hjy.sports.student.main.StudentMainActivity
ADDED from src\main\AndroidManifest.xml:55:9-63:20
	android:screenOrientation
		ADDED from src\main\AndroidManifest.xml:58:17-53
	android:launchMode
		ADDED from src\main\AndroidManifest.xml:57:17-48
	android:name
		ADDED from src\main\AndroidManifest.xml:56:17-65
intent-filter#action:name:com.hjy.sports.main.student.MainActivity+category:name:android.intent.category.DEFAULT
ADDED from src\main\AndroidManifest.xml:59:13-62:29
action#com.hjy.sports.main.student.MainActivity
ADDED from src\main\AndroidManifest.xml:60:17-82
	android:name
		ADDED from src\main\AndroidManifest.xml:60:25-80
activity#com.hjy.sports.student.login.LoginActivity
ADDED from src\main\AndroidManifest.xml:64:9-71:20
	android:screenOrientation
		ADDED from src\main\AndroidManifest.xml:66:17-53
	android:name
		ADDED from src\main\AndroidManifest.xml:65:17-60
intent-filter#action:name:com.hjy.sports.student.login.LoginActivity+category:name:android.intent.category.DEFAULT
ADDED from src\main\AndroidManifest.xml:67:13-70:29
action#com.hjy.sports.student.login.LoginActivity
ADDED from src\main\AndroidManifest.xml:68:17-84
	android:name
		ADDED from src\main\AndroidManifest.xml:68:25-82
activity#com.hjy.sports.student.modify.info.ModifyInfoActivity
ADDED from src\main\AndroidManifest.xml:73:9-76:61
	android:screenOrientation
		ADDED from src\main\AndroidManifest.xml:75:17-53
	android:windowSoftInputMode
		ADDED from src\main\AndroidManifest.xml:76:17-59
	android:name
		ADDED from src\main\AndroidManifest.xml:74:17-71
meta-data#android.max_aspect
ADDED from src\main\AndroidManifest.xml:78:9-80:46
	android:value
		ADDED from src\main\AndroidManifest.xml:80:17-44
	android:name
		ADDED from src\main\AndroidManifest.xml:79:17-50
activity#com.hjy.sports.student.modify.info.CustomerActivity
ADDED from src\main\AndroidManifest.xml:83:9-85:55
	android:screenOrientation
		ADDED from src\main\AndroidManifest.xml:85:17-53
	android:name
		ADDED from src\main\AndroidManifest.xml:84:17-69
activity#com.hjy.sports.student.modify.info.ModifyPassActivity
ADDED from src\main\AndroidManifest.xml:87:9-89:55
	android:screenOrientation
		ADDED from src\main\AndroidManifest.xml:89:17-53
	android:name
		ADDED from src\main\AndroidManifest.xml:88:17-71
activity#com.hjy.sports.student.datamodule.stature.StatureActivity
ADDED from src\main\AndroidManifest.xml:91:9-93:55
	android:screenOrientation
		ADDED from src\main\AndroidManifest.xml:93:17-53
	android:name
		ADDED from src\main\AndroidManifest.xml:92:17-75
activity#com.hjy.sports.student.datamodule.bodydetection.BodyDetectionActivity
ADDED from src\main\AndroidManifest.xml:96:9-98:55
	android:screenOrientation
		ADDED from src\main\AndroidManifest.xml:98:17-53
	android:name
		ADDED from src\main\AndroidManifest.xml:97:17-87
activity#com.hjy.sports.student.datamodule.physicalfitness.PhysicalFitnessActivity
ADDED from src\main\AndroidManifest.xml:101:9-103:55
	android:screenOrientation
		ADDED from src\main\AndroidManifest.xml:103:17-53
	android:name
		ADDED from src\main\AndroidManifest.xml:102:17-91
activity#com.hjy.sports.student.socialmodule.PhotoInfoActivity
ADDED from src\main\AndroidManifest.xml:106:9-108:55
	android:screenOrientation
		ADDED from src\main\AndroidManifest.xml:108:17-53
	android:name
		ADDED from src\main\AndroidManifest.xml:107:17-71
activity#com.hjy.sports.student.socialmodule.socaildetail.SocialDetailActivity
ADDED from src\main\AndroidManifest.xml:111:9-113:55
	android:screenOrientation
		ADDED from src\main\AndroidManifest.xml:113:17-53
	android:name
		ADDED from src\main\AndroidManifest.xml:112:17-87
activity#com.hjy.sports.student.socialmodule.mysocial.MySocialActivity
ADDED from src\main\AndroidManifest.xml:116:9-118:55
	android:screenOrientation
		ADDED from src\main\AndroidManifest.xml:118:17-53
	android:name
		ADDED from src\main\AndroidManifest.xml:117:17-79
activity#com.hjy.sports.student.socialmodule.AddSocialActivity
ADDED from src\main\AndroidManifest.xml:121:9-123:55
	android:screenOrientation
		ADDED from src\main\AndroidManifest.xml:123:17-53
	android:name
		ADDED from src\main\AndroidManifest.xml:122:17-71
activity#com.hjy.sports.student.socialmodule.socaildetail.SonRecommendActivity
ADDED from src\main\AndroidManifest.xml:126:9-128:55
	android:screenOrientation
		ADDED from src\main\AndroidManifest.xml:128:17-53
	android:name
		ADDED from src\main\AndroidManifest.xml:127:17-87
activity#com.hjy.sports.student.socialmodule.socaildetail.MySocialDetailActivity
ADDED from src\main\AndroidManifest.xml:131:9-133:55
	android:screenOrientation
		ADDED from src\main\AndroidManifest.xml:133:17-53
	android:name
		ADDED from src\main\AndroidManifest.xml:132:17-89
activity#com.hjy.sports.student.socialmodule.friendsocial.FriendSocialActivity
ADDED from src\main\AndroidManifest.xml:136:9-138:55
	android:screenOrientation
		ADDED from src\main\AndroidManifest.xml:138:17-53
	android:name
		ADDED from src\main\AndroidManifest.xml:137:17-87
activity#com.hjy.sports.student.homemodule.corporeity.selftest.PKActivity
ADDED from src\main\AndroidManifest.xml:141:9-143:55
	android:screenOrientation
		ADDED from src\main\AndroidManifest.xml:143:17-53
	android:name
		ADDED from src\main\AndroidManifest.xml:142:17-82
activity#com.hjy.sports.student.homemodule.quality.figure.FigureActivity
ADDED from src\main\AndroidManifest.xml:146:9-148:55
	android:screenOrientation
		ADDED from src\main\AndroidManifest.xml:148:17-53
	android:name
		ADDED from src\main\AndroidManifest.xml:147:17-81
activity#com.hjy.sports.student.homemodule.quality.stamina.StaminaActivity
ADDED from src\main\AndroidManifest.xml:151:9-153:55
	android:screenOrientation
		ADDED from src\main\AndroidManifest.xml:153:17-53
	android:name
		ADDED from src\main\AndroidManifest.xml:152:17-83
activity#com.hjy.sports.student.homemodule.quality.standard.StandardActivity
ADDED from src\main\AndroidManifest.xml:156:9-158:55
	android:screenOrientation
		ADDED from src\main\AndroidManifest.xml:158:17-53
	android:name
		ADDED from src\main\AndroidManifest.xml:157:17-85
activity#com.hjy.sports.student.homemodule.quality.sensory.SensoryActivity
ADDED from src\main\AndroidManifest.xml:163:9-165:55
	android:screenOrientation
		ADDED from src\main\AndroidManifest.xml:165:17-53
	android:name
		ADDED from src\main\AndroidManifest.xml:164:17-83
activity#com.hjy.sports.student.homemodule.quality.sensory.SensoryMainActivity
ADDED from src\main\AndroidManifest.xml:168:9-170:55
	android:screenOrientation
		ADDED from src\main\AndroidManifest.xml:170:17-53
	android:name
		ADDED from src\main\AndroidManifest.xml:169:17-87
activity#com.hjy.sports.student.homemodule.quality.sensory.SensoryMoreActivity
ADDED from src\main\AndroidManifest.xml:172:9-174:55
	android:screenOrientation
		ADDED from src\main\AndroidManifest.xml:174:17-53
	android:name
		ADDED from src\main\AndroidManifest.xml:173:17-87
activity#com.hjy.sports.student.homemodule.corporeity.exercise.ExerciseActivity
ADDED from src\main\AndroidManifest.xml:177:9-179:55
	android:screenOrientation
		ADDED from src\main\AndroidManifest.xml:179:17-53
	android:name
		ADDED from src\main\AndroidManifest.xml:178:17-88
activity#com.hjy.sports.student.homemodule.corporeity.exercise.ExerciseOneActivity
ADDED from src\main\AndroidManifest.xml:182:9-184:55
	android:screenOrientation
		ADDED from src\main\AndroidManifest.xml:184:17-53
	android:name
		ADDED from src\main\AndroidManifest.xml:183:17-91
activity#com.hjy.sports.student.homemodule.corporeity.exercise.ExerciseOneParticularsActivity
ADDED from src\main\AndroidManifest.xml:186:9-188:55
	android:screenOrientation
		ADDED from src\main\AndroidManifest.xml:188:17-53
	android:name
		ADDED from src\main\AndroidManifest.xml:187:17-102
activity#com.hjy.sports.student.homemodule.corporeity.exercise.ExerciseTwoActivity
ADDED from src\main\AndroidManifest.xml:190:9-192:55
	android:screenOrientation
		ADDED from src\main\AndroidManifest.xml:192:17-53
	android:name
		ADDED from src\main\AndroidManifest.xml:191:17-91
activity#com.hjy.sports.student.homemodule.corporeity.exercise.ExerciseForeActivity
ADDED from src\main\AndroidManifest.xml:194:9-196:55
	android:screenOrientation
		ADDED from src\main\AndroidManifest.xml:196:17-53
	android:name
		ADDED from src\main\AndroidManifest.xml:195:17-92
activity#com.hjy.sports.student.homemodule.corporeity.exercise.ExerciseForeParticularsActivity
ADDED from src\main\AndroidManifest.xml:198:9-200:55
	android:screenOrientation
		ADDED from src\main\AndroidManifest.xml:200:17-53
	android:name
		ADDED from src\main\AndroidManifest.xml:199:17-103
activity#com.hjy.sports.student.homemodule.corporeity.diet.DietActivity
ADDED from src\main\AndroidManifest.xml:203:9-205:55
	android:screenOrientation
		ADDED from src\main\AndroidManifest.xml:205:17-53
	android:name
		ADDED from src\main\AndroidManifest.xml:204:17-80
activity#com.hjy.sports.student.homemodule.corporeity.selftest.SelfTestingActivity
ADDED from src\main\AndroidManifest.xml:208:9-211:75
	android:screenOrientation
		ADDED from src\main\AndroidManifest.xml:210:17-53
	android:windowSoftInputMode
		ADDED from src\main\AndroidManifest.xml:211:17-73
	android:name
		ADDED from src\main\AndroidManifest.xml:209:17-91
activity#com.hjy.sports.student.homemodule.corporeity.selftest.SelfChallengeActivity
ADDED from src\main\AndroidManifest.xml:214:9-216:55
	android:screenOrientation
		ADDED from src\main\AndroidManifest.xml:216:17-53
	android:name
		ADDED from src\main\AndroidManifest.xml:215:17-93
activity#com.hjy.sports.student.homemodule.corporeity.selftest.SelfChallengeRecordActivity
ADDED from src\main\AndroidManifest.xml:219:9-221:55
	android:screenOrientation
		ADDED from src\main\AndroidManifest.xml:221:17-53
	android:name
		ADDED from src\main\AndroidManifest.xml:220:17-99
activity#com.hjy.sports.student.homemodule.corporeity.staminasignal.StaminaSignalActivity
ADDED from src\main\AndroidManifest.xml:224:9-226:55
	android:screenOrientation
		ADDED from src\main\AndroidManifest.xml:226:17-53
	android:name
		ADDED from src\main\AndroidManifest.xml:225:17-98
activity#com.hjy.sports.student.homemodule.corporeity.staminasignal.StaminaSignalsActivity
ADDED from src\main\AndroidManifest.xml:228:9-230:55
	android:screenOrientation
		ADDED from src\main\AndroidManifest.xml:230:17-53
	android:name
		ADDED from src\main\AndroidManifest.xml:229:17-99
activity#com.hjy.sports.student.homemodule.expanded.sportsknowledge.SportsKnowledgeActivity
ADDED from src\main\AndroidManifest.xml:232:9-234:55
	android:screenOrientation
		ADDED from src\main\AndroidManifest.xml:234:17-53
	android:name
		ADDED from src\main\AndroidManifest.xml:233:17-100
activity#com.hjy.sports.student.homemodule.expanded.healthknowledge.HealthKnowledgeActivity
ADDED from src\main\AndroidManifest.xml:237:9-239:55
	android:screenOrientation
		ADDED from src\main\AndroidManifest.xml:239:17-53
	android:name
		ADDED from src\main\AndroidManifest.xml:238:17-100
activity#com.hjy.sports.student.homemodule.expanded.healthknowledge.HealthKnowledgeParticularsActivity
ADDED from src\main\AndroidManifest.xml:241:9-243:55
	android:screenOrientation
		ADDED from src\main\AndroidManifest.xml:243:17-53
	android:name
		ADDED from src\main\AndroidManifest.xml:242:17-111
activity#com.hjy.sports.student.homemodule.expanded.development.DevelopmentActivity
ADDED from src\main\AndroidManifest.xml:246:9-248:55
	android:screenOrientation
		ADDED from src\main\AndroidManifest.xml:248:17-53
	android:name
		ADDED from src\main\AndroidManifest.xml:247:17-92
activity#com.hjy.sports.student.homemodule.expanded.ornamental.OrnamentalActivity
ADDED from src\main\AndroidManifest.xml:251:9-253:55
	android:screenOrientation
		ADDED from src\main\AndroidManifest.xml:253:17-53
	android:name
		ADDED from src\main\AndroidManifest.xml:252:17-90
activity#com.hjy.sports.student.homemodule.expanded.ornamental.OrnamentalListContextActivity
ADDED from src\main\AndroidManifest.xml:255:9-257:55
	android:screenOrientation
		ADDED from src\main\AndroidManifest.xml:257:17-53
	android:name
		ADDED from src\main\AndroidManifest.xml:256:17-101
activity#com.hjy.sports.student.homemodule.expanded.ornamental.OrnamentalContextActivity
ADDED from src\main\AndroidManifest.xml:259:9-261:55
	android:screenOrientation
		ADDED from src\main\AndroidManifest.xml:261:17-53
	android:name
		ADDED from src\main\AndroidManifest.xml:260:17-97
activity#com.hjy.sports.student.homemodule.total.TotalPointsActivity
ADDED from src\main\AndroidManifest.xml:264:9-266:55
	android:screenOrientation
		ADDED from src\main\AndroidManifest.xml:266:17-53
	android:name
		ADDED from src\main\AndroidManifest.xml:265:17-77
activity#com.hjy.sports.student.homemodule.quality.standard.LiftingSchemeActivity
ADDED from src\main\AndroidManifest.xml:268:9-270:55
	android:screenOrientation
		ADDED from src\main\AndroidManifest.xml:270:17-53
	android:name
		ADDED from src\main\AndroidManifest.xml:269:17-90
meta-data#com.fy.baselibrary.utils.imgload.MyGlideModule
ADDED from src\main\AndroidManifest.xml:272:9-274:46
	android:value
		ADDED from src\main\AndroidManifest.xml:274:17-44
	android:name
		ADDED from src\main\AndroidManifest.xml:273:17-78
activity#com.hjy.sports.student.homemodule.corporeity.diet.DietListActivity
ADDED from src\main\AndroidManifest.xml:277:9-279:55
	android:screenOrientation
		ADDED from src\main\AndroidManifest.xml:279:17-53
	android:name
		ADDED from src\main\AndroidManifest.xml:278:17-84
activity#com.hjy.sports.util.PermissionActivity
ADDED from src\main\AndroidManifest.xml:281:9-284:65
	android:screenOrientation
		ADDED from src\main\AndroidManifest.xml:283:17-53
	android:theme
		ADDED from src\main\AndroidManifest.xml:284:17-63
	android:name
		ADDED from src\main\AndroidManifest.xml:282:17-56
activity#com.hjy.sports.student.homemodule.corporeity.diet.fragment.dailylist.EnergyDemandListActivity
ADDED from src\main\AndroidManifest.xml:297:9-299:55
	android:screenOrientation
		ADDED from src\main\AndroidManifest.xml:299:17-53
	android:name
		ADDED from src\main\AndroidManifest.xml:298:17-111
activity#com.hjy.sports.student.homemodule.expanded.development.ClubListActivity
ADDED from src\main\AndroidManifest.xml:302:9-304:55
	android:screenOrientation
		ADDED from src\main\AndroidManifest.xml:304:17-53
	android:name
		ADDED from src\main\AndroidManifest.xml:303:17-89
activity#com.hjy.sports.student.homemodule.expanded.development.ClubDetailActivity
ADDED from src\main\AndroidManifest.xml:307:9-309:55
	android:screenOrientation
		ADDED from src\main\AndroidManifest.xml:309:17-53
	android:name
		ADDED from src\main\AndroidManifest.xml:308:17-91
activity#com.hjy.sports.student.main.web.WebViewActivity
ADDED from src\main\AndroidManifest.xml:311:9-313:55
	android:screenOrientation
		ADDED from src\main\AndroidManifest.xml:313:17-53
	android:name
		ADDED from src\main\AndroidManifest.xml:312:17-65
activity#com.fy.img.picker.multiselect.ImgPickerActivity
ADDED from src\main\AndroidManifest.xml:316:9-324:20
MERGED from [:imgPicker] AndroidManifest.xml:17:9-25:20
MERGED from [:imgPicker] AndroidManifest.xml:17:9-25:20
	android:screenOrientation
		ADDED from src\main\AndroidManifest.xml:318:17-53
	android:name
		ADDED from src\main\AndroidManifest.xml:317:17-79
intent-filter#action:name:com.fy.img.picker.ImgPickerActivity+category:name:android.intent.category.DEFAULT
ADDED from src\main\AndroidManifest.xml:319:13-323:29
action#com.fy.img.picker.ImgPickerActivity